Determining if the pthread_create exist failed with the following output:
Change Dir: /home/yiya/yue/challenge/snark-challenge-prover-reference/cuda-fixnum/CMakeFiles/CMakeTmp

Run Build Command:"/usr/bin/make" "cmTC_659bd/fast"
/usr/bin/make -f CMakeFiles/cmTC_659bd.dir/build.make CMakeFiles/cmTC_659bd.dir/build
make[1]: Entering directory '/home/yiya/yue/challenge/snark-challenge-prover-reference/cuda-fixnum/CMakeFiles/CMakeTmp'
Building C object CMakeFiles/cmTC_659bd.dir/CheckSymbolExists.c.o
/usr/bin/cc    -fPIC    -o CMakeFiles/cmTC_659bd.dir/CheckSymbolExists.c.o   -c /home/yiya/yue/challenge/snark-challenge-prover-reference/cuda-fixnum/CMakeFiles/CMakeTmp/CheckSymbolExists.c
Linking C executable cmTC_659bd
/usr/bin/cmake -E cmake_link_script CMakeFiles/cmTC_659bd.dir/link.txt --verbose=1
/usr/bin/cc  -fPIC     CMakeFiles/cmTC_659bd.dir/CheckSymbolExists.c.o  -o cmTC_659bd 
CMakeFiles/cmTC_659bd.dir/CheckSymbolExists.c.o: In function `main':
CheckSymbolExists.c:(.text+0x1b): undefined reference to `pthread_create'
collect2: error: ld returned 1 exit status
CMakeFiles/cmTC_659bd.dir/build.make:97: recipe for target 'cmTC_659bd' failed
make[1]: *** [cmTC_659bd] Error 1
make[1]: Leaving directory '/home/yiya/yue/challenge/snark-challenge-prover-reference/cuda-fixnum/CMakeFiles/CMakeTmp'
Makefile:126: recipe for target 'cmTC_659bd/fast' failed
make: *** [cmTC_659bd/fast] Error 2

File /home/yiya/yue/challenge/snark-challenge-prover-reference/cuda-fixnum/CMakeFiles/CMakeTmp/CheckSymbolExists.c:
/* */
#include <pthread.h>

int main(int argc, char** argv)
{
  (void)argv;
#ifndef pthread_create
  return ((int*)(&pthread_create))[argc];
#else
  (void)argc;
  return 0;
#endif
}

Determining if the function pthread_create exists in the pthreads failed with the following output:
Change Dir: /home/yiya/yue/challenge/snark-challenge-prover-reference/cuda-fixnum/CMakeFiles/CMakeTmp

Run Build Command:"/usr/bin/make" "cmTC_414ef/fast"
/usr/bin/make -f CMakeFiles/cmTC_414ef.dir/build.make CMakeFiles/cmTC_414ef.dir/build
make[1]: Entering directory '/home/yiya/yue/challenge/snark-challenge-prover-reference/cuda-fixnum/CMakeFiles/CMakeTmp'
Building C object CMakeFiles/cmTC_414ef.dir/CheckFunctionExists.c.o
/usr/bin/cc    -fPIC -DCHECK_FUNCTION_EXISTS=pthread_create   -o CMakeFiles/cmTC_414ef.dir/CheckFunctionExists.c.o   -c /usr/share/cmake-3.5/Modules/CheckFunctionExists.c
Linking C executable cmTC_414ef
/usr/bin/cmake -E cmake_link_script CMakeFiles/cmTC_414ef.dir/link.txt --verbose=1
/usr/bin/cc  -fPIC -DCHECK_FUNCTION_EXISTS=pthread_create    CMakeFiles/cmTC_414ef.dir/CheckFunctionExists.c.o  -o cmTC_414ef -lpthreads 
/usr/bin/ld: cannot find -lpthreads
collect2: error: ld returned 1 exit status
CMakeFiles/cmTC_414ef.dir/build.make:97: recipe for target 'cmTC_414ef' failed
make[1]: *** [cmTC_414ef] Error 1
make[1]: Leaving directory '/home/yiya/yue/challenge/snark-challenge-prover-reference/cuda-fixnum/CMakeFiles/CMakeTmp'
Makefile:126: recipe for target 'cmTC_414ef/fast' failed
make: *** [cmTC_414ef/fast] Error 2


